# JRE version: Java(TM) SE Runtime Environment (8.0_112-b15) (build 1.8.0_112-b15)
# Java VM: Java HotSpot(TM) 64-Bit Server VM (25.112-b15 mixed mode windows-amd64 compressed oops)
Heap:
 PSYoungGen      total 16384K, used 6691K [0x00000000d6000000, 0x00000000d7700000, 0x0000000100000000)
  eden space 11264K, 13% used [0x00000000d6000000,0x00000000d6189528,0x00000000d6b00000)
  from space 5120K, 99% used [0x00000000d7200000,0x00000000d76ffa50,0x00000000d7700000)
  to   space 6144K, 0% used [0x00000000d6b00000,0x00000000d6b00000,0x00000000d7100000)
 ParOldGen       total 16896K, used 9563K [0x0000000082000000, 0x0000000083080000, 0x00000000d6000000)
  object space 16896K, 56% used [0x0000000082000000,0x0000000082956d20,0x0000000083080000)
 Metaspace       used 7453K, capacity 8180K, committed 8448K, reserved 1056768K
  class space    used 904K, capacity 944K, committed 1024K, reserved 1048576K
GC Heap History (10 events):
Event: 2.766 GC heap before
{Heap before GC invocations=8 (full 0):
 PSYoungGen      total 7168K, used 7061K [0x00000000d6000000, 0x00000000d6e00000, 0x0000000100000000)
  eden space 5632K, 100% used [0x00000000d6000000,0x00000000d6580000,0x00000000d6580000)
  from space 1536K, 93% used [0x00000000d6580000,0x00000000d66e56b8,0x00000000d6700000)
  to   space 1536K, 0% used [0x00000000d6c80000,0x00000000d6c80000,0x00000000d6e00000)
 ParOldGen       total 5632K, used 1172K [0x0000000082000000, 0x0000000082580000, 0x00000000d6000000)
  object space 5632K, 20% used [0x0000000082000000,0x0000000082125358,0x0000000082580000)
 Metaspace       used 7354K, capacity 8116K, committed 8448K, reserved 1056768K
  class space    used 899K, capacity 944K, committed 1024K, reserved 1048576K
Event: 2.772 GC heap after
Heap after GC invocations=8 (full 0):
 PSYoungGen      total 11264K, used 1514K [0x00000000d6000000, 0x00000000d7100000, 0x0000000100000000)
  eden space 9728K, 0% used [0x00000000d6000000,0x00000000d6000000,0x00000000d6980000)
  from space 1536K, 98% used [0x00000000d6c80000,0x00000000d6dfabb8,0x00000000d6e00000)
  to   space 3072K, 0% used [0x00000000d6980000,0x00000000d6980000,0x00000000d6c80000)
 ParOldGen       total 5632K, used 4492K [0x0000000082000000, 0x0000000082580000, 0x00000000d6000000)
  object space 5632K, 79% used [0x0000000082000000,0x0000000082463028,0x0000000082580000)
 Metaspace       used 7354K, capacity 8116K, committed 8448K, reserved 1056768K
  class space    used 899K, capacity 944K, committed 1024K, reserved 1048576K
}
Event: 2.772 GC heap before
{Heap before GC invocations=9 (full 1):
 PSYoungGen      total 11264K, used 1514K [0x00000000d6000000, 0x00000000d7100000, 0x0000000100000000)
  eden space 9728K, 0% used [0x00000000d6000000,0x00000000d6000000,0x00000000d6980000)
  from space 1536K, 98% used [0x00000000d6c80000,0x00000000d6dfabb8,0x00000000d6e00000)
  to   space 3072K, 0% used [0x00000000d6980000,0x00000000d6980000,0x00000000d6c80000)
 ParOldGen       total 5632K, used 4492K [0x0000000082000000, 0x0000000082580000, 0x00000000d6000000)
  object space 5632K, 79% used [0x0000000082000000,0x0000000082463028,0x0000000082580000)
 Metaspace       used 7354K, capacity 8116K, committed 8448K, reserved 1056768K
  class space    used 899K, capacity 944K, committed 1024K, reserved 1048576K
Event: 2.818 GC heap after
Heap after GC invocations=9 (full 1):
 PSYoungGen      total 11264K, used 487K [0x00000000d6000000, 0x00000000d7100000, 0x0000000100000000)
  eden space 9728K, 0% used [0x00000000d6000000,0x00000000d6000000,0x00000000d6980000)
  from space 1536K, 31% used [0x00000000d6c80000,0x00000000d6cf9fd8,0x00000000d6e00000)
  to   space 3072K, 0% used [0x00000000d6980000,0x00000000d6980000,0x00000000d6c80000)
 ParOldGen       total 9728K, used 5315K [0x0000000082000000, 0x0000000082980000, 0x00000000d6000000)
  object space 9728K, 54% used [0x0000000082000000,0x0000000082530c18,0x0000000082980000)
 Metaspace       used 7354K, capacity 8116K, committed 8448K, reserved 1056768K
  class space    used 899K, capacity 944K, committed 1024K, reserved 1048576K
}
Event: 2.948 GC heap before
{Heap before GC invocations=10 (full 1):
 PSYoungGen      total 11264K, used 10215K [0x00000000d6000000, 0x00000000d7100000, 0x0000000100000000)
  eden space 9728K, 100% used [0x00000000d6000000,0x00000000d6980000,0x00000000d6980000)
  from space 1536K, 31% used [0x00000000d6c80000,0x00000000d6cf9fd8,0x00000000d6e00000)
  to   space 3072K, 0% used [0x00000000d6980000,0x00000000d6980000,0x00000000d6c80000)
 ParOldGen       total 9728K, used 5315K [0x0000000082000000, 0x0000000082980000, 0x00000000d6000000)
  object space 9728K, 54% used [0x0000000082000000,0x0000000082530c18,0x0000000082980000)
 Metaspace       used 7385K, capacity 8116K, committed 8448K, reserved 1056768K
  class space    used 900K, capacity 944K, committed 1024K, reserved 1048576K
Event: 2.958 GC heap after
Heap after GC invocations=10 (full 1):
 PSYoungGen      total 12800K, used 3049K [0x00000000d6000000, 0x00000000d7700000, 0x0000000100000000)
  eden space 9728K, 0% used [0x00000000d6000000,0x00000000d6000000,0x00000000d6980000)
  from space 3072K, 99% used [0x00000000d6980000,0x00000000d6c7a750,0x00000000d6c80000)
  to   space 5120K, 0% used [0x00000000d7200000,0x00000000d7200000,0x00000000d7700000)
 ParOldGen       total 9728K, used 8146K [0x0000000082000000, 0x0000000082980000, 0x00000000d6000000)
  object space 9728K, 83% used [0x0000000082000000,0x00000000827f4a20,0x0000000082980000)
 Metaspace       used 7385K, capacity 8116K, committed 8448K, reserved 1056768K
  class space    used 900K, capacity 944K, committed 1024K, reserved 1048576K
}
Event: 2.958 GC heap before
{Heap before GC invocations=11 (full 2):
 PSYoungGen      total 12800K, used 3049K [0x00000000d6000000, 0x00000000d7700000, 0x0000000100000000)
  eden space 9728K, 0% used [0x00000000d6000000,0x00000000d6000000,0x00000000d6980000)
  from space 3072K, 99% used [0x00000000d6980000,0x00000000d6c7a750,0x00000000d6c80000)
  to   space 5120K, 0% used [0x00000000d7200000,0x00000000d7200000,0x00000000d7700000)
 ParOldGen       total 9728K, used 8146K [0x0000000082000000, 0x0000000082980000, 0x00000000d6000000)
  object space 9728K, 83% used [0x0000000082000000,0x00000000827f4a20,0x0000000082980000)
 Metaspace       used 7385K, capacity 8116K, committed 8448K, reserved 1056768K
  class space    used 900K, capacity 944K, committed 1024K, reserved 1048576K
Event: 2.997 GC heap after
Heap after GC invocations=11 (full 2):
 PSYoungGen      total 12800K, used 0K [0x00000000d6000000, 0x00000000d7700000, 0x0000000100000000)
  eden space 9728K, 0% used [0x00000000d6000000,0x00000000d6000000,0x00000000d6980000)
  from space 3072K, 0% used [0x00000000d6980000,0x00000000d6980000,0x00000000d6c80000)
  to   space 5120K, 0% used [0x00000000d7200000,0x00000000d7200000,0x00000000d7700000)
 ParOldGen       total 16896K, used 9171K [0x0000000082000000, 0x0000000083080000, 0x00000000d6000000)
  object space 16896K, 54% used [0x0000000082000000,0x00000000828f4d20,0x0000000083080000)
 Metaspace       used 7385K, capacity 8116K, committed 8448K, reserved 1056768K
  class space    used 900K, capacity 944K, committed 1024K, reserved 1048576K
}
Event: 3.117 GC heap before
{Heap before GC invocations=12 (full 2):
 PSYoungGen      total 12800K, used 9728K [0x00000000d6000000, 0x00000000d7700000, 0x0000000100000000)
  eden space 9728K, 100% used [0x00000000d6000000,0x00000000d6980000,0x00000000d6980000)
  from space 3072K, 0% used [0x00000000d6980000,0x00000000d6980000,0x00000000d6c80000)
  to   space 5120K, 0% used [0x00000000d7200000,0x00000000d7200000,0x00000000d7700000)
 ParOldGen       total 16896K, used 9171K [0x0000000082000000, 0x0000000083080000, 0x00000000d6000000)
  object space 16896K, 54% used [0x0000000082000000,0x00000000828f4d20,0x0000000083080000)
 Metaspace       used 7398K, capacity 8180K, committed 8448K, reserved 1056768K
  class space    used 900K, capacity 944K, committed 1024K, reserved 1048576K
Event: 3.126 GC heap after
Heap after GC invocations=12 (full 2):
 PSYoungGen      total 16384K, used 5118K [0x00000000d6000000, 0x00000000d7700000, 0x0000000100000000)
  eden space 11264K, 0% used [0x00000000d6000000,0x00000000d6000000,0x00000000d6b00000)
  from space 5120K, 99% used [0x00000000d7200000,0x00000000d76ffa50,0x00000000d7700000)
  to   space 6144K, 0% used [0x00000000d6b00000,0x00000000d6b00000,0x00000000d7100000)
 ParOldGen       total 16896K, used 9563K [0x0000000082000000, 0x0000000083080000, 0x00000000d6000000)
  object space 16896K, 56% used [0x0000000082000000,0x0000000082956d20,0x0000000083080000)
 Metaspace       used 7398K, capacity 8180K, committed 8448K, reserved 1056768K
  class space    used 900K, capacity 944K, committed 1024K, reserved 1048576K
}

