# JRE version: Java(TM) SE Runtime Environment (8.0_112-b15) (build 1.8.0_112-b15)
# Java VM: Java HotSpot(TM) 64-Bit Server VM (25.112-b15 mixed mode windows-amd64 compressed oops)
Heap:
 PSYoungGen      total 78336K, used 45519K [0x00000000f0000000, 0x00000000f6080000, 0x0000000100000000)
  eden space 58880K, 77% used [0x00000000f0000000,0x00000000f2c73d10,0x00000000f3980000)
  from space 19456K, 0% used [0x00000000f3980000,0x00000000f3980000,0x00000000f4c80000)
  to   space 17920K, 0% used [0x00000000f4c80000,0x00000000f4c80000,0x00000000f5e00000)
 ParOldGen       total 56832K, used 48396K [0x00000000d0000000, 0x00000000d3780000, 0x00000000f0000000)
  object space 56832K, 85% used [0x00000000d0000000,0x00000000d2f432c8,0x00000000d3780000)
 Metaspace       used 40093K, capacity 40430K, committed 40576K, reserved 1083392K
  class space    used 7407K, capacity 7504K, committed 7552K, reserved 1048576K
GC Heap History (10 events):
Event: 7.232 GC heap before
{Heap before GC invocations=5 (full 1):
 PSYoungGen      total 37888K, used 32768K [0x00000000f0000000, 0x00000000f2a00000, 0x0000000100000000)
  eden space 32768K, 100% used [0x00000000f0000000,0x00000000f2000000,0x00000000f2000000)
  from space 5120K, 0% used [0x00000000f2000000,0x00000000f2000000,0x00000000f2500000)
  to   space 5120K, 0% used [0x00000000f2500000,0x00000000f2500000,0x00000000f2a00000)
 ParOldGen       total 56832K, used 6471K [0x00000000d0000000, 0x00000000d3780000, 0x00000000f0000000)
  object space 56832K, 11% used [0x00000000d0000000,0x00000000d0651ed8,0x00000000d3780000)
 Metaspace       used 24927K, capacity 25210K, committed 25472K, reserved 1071104K
  class space    used 4371K, capacity 4456K, committed 4480K, reserved 1048576K
Event: 7.239 GC heap after
Heap after GC invocations=5 (full 1):
 PSYoungGen      total 37888K, used 5110K [0x00000000f0000000, 0x00000000f3a00000, 0x0000000100000000)
  eden space 32768K, 0% used [0x00000000f0000000,0x00000000f0000000,0x00000000f2000000)
  from space 5120K, 99% used [0x00000000f2500000,0x00000000f29fdbf8,0x00000000f2a00000)
  to   space 5120K, 0% used [0x00000000f2000000,0x00000000f2000000,0x00000000f2500000)
 ParOldGen       total 56832K, used 8037K [0x00000000d0000000, 0x00000000d3780000, 0x00000000f0000000)
  object space 56832K, 14% used [0x00000000d0000000,0x00000000d07d9440,0x00000000d3780000)
 Metaspace       used 24927K, capacity 25210K, committed 25472K, reserved 1071104K
  class space    used 4371K, capacity 4456K, committed 4480K, reserved 1048576K
}
Event: 7.424 GC heap before
{Heap before GC invocations=6 (full 1):
 PSYoungGen      total 37888K, used 37878K [0x00000000f0000000, 0x00000000f3a00000, 0x0000000100000000)
  eden space 32768K, 100% used [0x00000000f0000000,0x00000000f2000000,0x00000000f2000000)
  from space 5120K, 99% used [0x00000000f2500000,0x00000000f29fdbf8,0x00000000f2a00000)
  to   space 5120K, 0% used [0x00000000f2000000,0x00000000f2000000,0x00000000f2500000)
 ParOldGen       total 56832K, used 8037K [0x00000000d0000000, 0x00000000d3780000, 0x00000000f0000000)
  object space 56832K, 14% used [0x00000000d0000000,0x00000000d07d9440,0x00000000d3780000)
 Metaspace       used 24929K, capacity 25210K, committed 25472K, reserved 1071104K
  class space    used 4371K, capacity 4456K, committed 4480K, reserved 1048576K
Event: 7.447 GC heap after
Heap after GC invocations=6 (full 1):
 PSYoungGen      total 37888K, used 5112K [0x00000000f0000000, 0x00000000f5e00000, 0x0000000100000000)
  eden space 32768K, 0% used [0x00000000f0000000,0x00000000f0000000,0x00000000f2000000)
  from space 5120K, 99% used [0x00000000f2000000,0x00000000f24fe030,0x00000000f2500000)
  to   space 17920K, 0% used [0x00000000f4c80000,0x00000000f4c80000,0x00000000f5e00000)
 ParOldGen       total 56832K, used 25357K [0x00000000d0000000, 0x00000000d3780000, 0x00000000f0000000)
  object space 56832K, 44% used [0x00000000d0000000,0x00000000d18c3480,0x00000000d3780000)
 Metaspace       used 24929K, capacity 25210K, committed 25472K, reserved 1071104K
  class space    used 4371K, capacity 4456K, committed 4480K, reserved 1048576K
}
Event: 9.098 GC heap before
{Heap before GC invocations=7 (full 1):
 PSYoungGen      total 37888K, used 37880K [0x00000000f0000000, 0x00000000f5e00000, 0x0000000100000000)
  eden space 32768K, 100% used [0x00000000f0000000,0x00000000f2000000,0x00000000f2000000)
  from space 5120K, 99% used [0x00000000f2000000,0x00000000f24fe030,0x00000000f2500000)
  to   space 17920K, 0% used [0x00000000f4c80000,0x00000000f4c80000,0x00000000f5e00000)
 ParOldGen       total 56832K, used 25357K [0x00000000d0000000, 0x00000000d3780000, 0x00000000f0000000)
  object space 56832K, 44% used [0x00000000d0000000,0x00000000d18c3480,0x00000000d3780000)
 Metaspace       used 30810K, capacity 31002K, committed 31360K, reserved 1075200K
  class space    used 5143K, capacity 5192K, committed 5248K, reserved 1048576K
Event: 9.123 GC heap after
Heap after GC invocations=7 (full 1):
 PSYoungGen      total 76800K, used 15159K [0x00000000f0000000, 0x00000000f6080000, 0x0000000100000000)
  eden space 58880K, 0% used [0x00000000f0000000,0x00000000f0000000,0x00000000f3980000)
  from space 17920K, 84% used [0x00000000f4c80000,0x00000000f5b4df48,0x00000000f5e00000)
  to   space 19456K, 0% used [0x00000000f3980000,0x00000000f3980000,0x00000000f4c80000)
 ParOldGen       total 56832K, used 25357K [0x00000000d0000000, 0x00000000d3780000, 0x00000000f0000000)
  object space 56832K, 44% used [0x00000000d0000000,0x00000000d18c3480,0x00000000d3780000)
 Metaspace       used 30810K, capacity 31002K, committed 31360K, reserved 1075200K
  class space    used 5143K, capacity 5192K, committed 5248K, reserved 1048576K
}
Event: 11.631 GC heap before
{Heap before GC invocations=8 (full 1):
 PSYoungGen      total 76800K, used 69224K [0x00000000f0000000, 0x00000000f6080000, 0x0000000100000000)
  eden space 58880K, 91% used [0x00000000f0000000,0x00000000f34cc158,0x00000000f3980000)
  from space 17920K, 84% used [0x00000000f4c80000,0x00000000f5b4df48,0x00000000f5e00000)
  to   space 19456K, 0% used [0x00000000f3980000,0x00000000f3980000,0x00000000f4c80000)
 ParOldGen       total 56832K, used 25357K [0x00000000d0000000, 0x00000000d3780000, 0x00000000f0000000)
  object space 56832K, 44% used [0x00000000d0000000,0x00000000d18c3480,0x00000000d3780000)
 Metaspace       used 35122K, capacity 35322K, committed 35456K, reserved 1079296K
  class space    used 6157K, capacity 6248K, committed 6272K, reserved 1048576K
Event: 11.671 GC heap after
Heap after GC invocations=8 (full 1):
 PSYoungGen      total 78336K, used 19442K [0x00000000f0000000, 0x00000000f6080000, 0x0000000100000000)
  eden space 58880K, 0% used [0x00000000f0000000,0x00000000f0000000,0x00000000f3980000)
  from space 19456K, 99% used [0x00000000f3980000,0x00000000f4c7cac0,0x00000000f4c80000)
  to   space 17920K, 0% used [0x00000000f4c80000,0x00000000f4c80000,0x00000000f5e00000)
 ParOldGen       total 56832K, used 34329K [0x00000000d0000000, 0x00000000d3780000, 0x00000000f0000000)
  object space 56832K, 60% used [0x00000000d0000000,0x00000000d2186478,0x00000000d3780000)
 Metaspace       used 35122K, capacity 35322K, committed 35456K, reserved 1079296K
  class space    used 6157K, capacity 6248K, committed 6272K, reserved 1048576K
}
Event: 11.671 GC heap before
{Heap before GC invocations=9 (full 2):
 PSYoungGen      total 78336K, used 19442K [0x00000000f0000000, 0x00000000f6080000, 0x0000000100000000)
  eden space 58880K, 0% used [0x00000000f0000000,0x00000000f0000000,0x00000000f3980000)
  from space 19456K, 99% used [0x00000000f3980000,0x00000000f4c7cac0,0x00000000f4c80000)
  to   space 17920K, 0% used [0x00000000f4c80000,0x00000000f4c80000,0x00000000f5e00000)
 ParOldGen       total 56832K, used 34329K [0x00000000d0000000, 0x00000000d3780000, 0x00000000f0000000)
  object space 56832K, 60% used [0x00000000d0000000,0x00000000d2186478,0x00000000d3780000)
 Metaspace       used 35122K, capacity 35322K, committed 35456K, reserved 1079296K
  class space    used 6157K, capacity 6248K, committed 6272K, reserved 1048576K
Event: 11.942 GC heap after
Heap after GC invocations=9 (full 2):
 PSYoungGen      total 78336K, used 0K [0x00000000f0000000, 0x00000000f6080000, 0x0000000100000000)
  eden space 58880K, 0% used [0x00000000f0000000,0x00000000f0000000,0x00000000f3980000)
  from space 19456K, 0% used [0x00000000f3980000,0x00000000f3980000,0x00000000f4c80000)
  to   space 17920K, 0% used [0x00000000f4c80000,0x00000000f4c80000,0x00000000f5e00000)
 ParOldGen       total 56832K, used 48396K [0x00000000d0000000, 0x00000000d3780000, 0x00000000f0000000)
  object space 56832K, 85% used [0x00000000d0000000,0x00000000d2f432c8,0x00000000d3780000)
 Metaspace       used 35122K, capacity 35322K, committed 35456K, reserved 1079296K
  class space    used 6157K, capacity 6248K, committed 6272K, reserved 1048576K
}

