# JRE version: Java(TM) SE Runtime Environment (8.0_112-b15) (build 1.8.0_112-b15)
# Java VM: Java HotSpot(TM) 64-Bit Server VM (25.112-b15 mixed mode windows-amd64 compressed oops)
Heap:
 PSYoungGen      total 78848K, used 25825K [0x00000000f0000000, 0x00000000f6100000, 0x0000000100000000)
  eden space 59392K, 43% used [0x00000000f0000000,0x00000000f19386c0,0x00000000f3a00000)
  from space 19456K, 0% used [0x00000000f3a00000,0x00000000f3a00000,0x00000000f4d00000)
  to   space 17920K, 0% used [0x00000000f4d00000,0x00000000f4d00000,0x00000000f5e80000)
 ParOldGen       total 57856K, used 48401K [0x00000000d0000000, 0x00000000d3880000, 0x00000000f0000000)
  object space 57856K, 83% used [0x00000000d0000000,0x00000000d2f445f8,0x00000000d3880000)
 Metaspace       used 38500K, capacity 38844K, committed 39040K, reserved 1081344K
  class space    used 7060K, capacity 7182K, committed 7296K, reserved 1048576K
GC Heap History (10 events):
Event: 6.795 GC heap before
{Heap before GC invocations=5 (full 1):
 PSYoungGen      total 37888K, used 32768K [0x00000000f0000000, 0x00000000f2a00000, 0x0000000100000000)
  eden space 32768K, 100% used [0x00000000f0000000,0x00000000f2000000,0x00000000f2000000)
  from space 5120K, 0% used [0x00000000f2000000,0x00000000f2000000,0x00000000f2500000)
  to   space 5120K, 0% used [0x00000000f2500000,0x00000000f2500000,0x00000000f2a00000)
 ParOldGen       total 57856K, used 6451K [0x00000000d0000000, 0x00000000d3880000, 0x00000000f0000000)
  object space 57856K, 11% used [0x00000000d0000000,0x00000000d064cef8,0x00000000d3880000)
 Metaspace       used 24931K, capacity 25226K, committed 25472K, reserved 1071104K
  class space    used 4371K, capacity 4456K, committed 4480K, reserved 1048576K
Event: 6.801 GC heap after
Heap after GC invocations=5 (full 1):
 PSYoungGen      total 37888K, used 5113K [0x00000000f0000000, 0x00000000f3980000, 0x0000000100000000)
  eden space 32768K, 0% used [0x00000000f0000000,0x00000000f0000000,0x00000000f2000000)
  from space 5120K, 99% used [0x00000000f2500000,0x00000000f29fe518,0x00000000f2a00000)
  to   space 5120K, 0% used [0x00000000f2000000,0x00000000f2000000,0x00000000f2500000)
 ParOldGen       total 57856K, used 8046K [0x00000000d0000000, 0x00000000d3880000, 0x00000000f0000000)
  object space 57856K, 13% used [0x00000000d0000000,0x00000000d07db858,0x00000000d3880000)
 Metaspace       used 24931K, capacity 25226K, committed 25472K, reserved 1071104K
  class space    used 4371K, capacity 4456K, committed 4480K, reserved 1048576K
}
Event: 6.975 GC heap before
{Heap before GC invocations=6 (full 1):
 PSYoungGen      total 37888K, used 37881K [0x00000000f0000000, 0x00000000f3980000, 0x0000000100000000)
  eden space 32768K, 100% used [0x00000000f0000000,0x00000000f2000000,0x00000000f2000000)
  from space 5120K, 99% used [0x00000000f2500000,0x00000000f29fe518,0x00000000f2a00000)
  to   space 5120K, 0% used [0x00000000f2000000,0x00000000f2000000,0x00000000f2500000)
 ParOldGen       total 57856K, used 8046K [0x00000000d0000000, 0x00000000d3880000, 0x00000000f0000000)
  object space 57856K, 13% used [0x00000000d0000000,0x00000000d07db858,0x00000000d3880000)
 Metaspace       used 24934K, capacity 25226K, committed 25472K, reserved 1071104K
  class space    used 4371K, capacity 4456K, committed 4480K, reserved 1048576K
Event: 7.002 GC heap after
Heap after GC invocations=6 (full 1):
 PSYoungGen      total 37888K, used 5096K [0x00000000f0000000, 0x00000000f5e80000, 0x0000000100000000)
  eden space 32768K, 0% used [0x00000000f0000000,0x00000000f0000000,0x00000000f2000000)
  from space 5120K, 99% used [0x00000000f2000000,0x00000000f24fa020,0x00000000f2500000)
  to   space 17920K, 0% used [0x00000000f4d00000,0x00000000f4d00000,0x00000000f5e80000)
 ParOldGen       total 57856K, used 25374K [0x00000000d0000000, 0x00000000d3880000, 0x00000000f0000000)
  object space 57856K, 43% used [0x00000000d0000000,0x00000000d18c78b8,0x00000000d3880000)
 Metaspace       used 24934K, capacity 25226K, committed 25472K, reserved 1071104K
  class space    used 4371K, capacity 4456K, committed 4480K, reserved 1048576K
}
Event: 8.433 GC heap before
{Heap before GC invocations=7 (full 1):
 PSYoungGen      total 37888K, used 37864K [0x00000000f0000000, 0x00000000f5e80000, 0x0000000100000000)
  eden space 32768K, 100% used [0x00000000f0000000,0x00000000f2000000,0x00000000f2000000)
  from space 5120K, 99% used [0x00000000f2000000,0x00000000f24fa020,0x00000000f2500000)
  to   space 17920K, 0% used [0x00000000f4d00000,0x00000000f4d00000,0x00000000f5e80000)
 ParOldGen       total 57856K, used 25374K [0x00000000d0000000, 0x00000000d3880000, 0x00000000f0000000)
  object space 57856K, 43% used [0x00000000d0000000,0x00000000d18c78b8,0x00000000d3880000)
 Metaspace       used 30859K, capacity 31082K, committed 31360K, reserved 1075200K
  class space    used 5143K, capacity 5192K, committed 5248K, reserved 1048576K
Event: 8.462 GC heap after
Heap after GC invocations=7 (full 1):
 PSYoungGen      total 77312K, used 15090K [0x00000000f0000000, 0x00000000f6100000, 0x0000000100000000)
  eden space 59392K, 0% used [0x00000000f0000000,0x00000000f0000000,0x00000000f3a00000)
  from space 17920K, 84% used [0x00000000f4d00000,0x00000000f5bbc9a8,0x00000000f5e80000)
  to   space 19456K, 0% used [0x00000000f3a00000,0x00000000f3a00000,0x00000000f4d00000)
 ParOldGen       total 57856K, used 25374K [0x00000000d0000000, 0x00000000d3880000, 0x00000000f0000000)
  object space 57856K, 43% used [0x00000000d0000000,0x00000000d18c78b8,0x00000000d3880000)
 Metaspace       used 30859K, capacity 31082K, committed 31360K, reserved 1075200K
  class space    used 5143K, capacity 5192K, committed 5248K, reserved 1048576K
}
Event: 10.954 GC heap before
{Heap before GC invocations=8 (full 1):
 PSYoungGen      total 77312K, used 68253K [0x00000000f0000000, 0x00000000f6100000, 0x0000000100000000)
  eden space 59392K, 89% used [0x00000000f0000000,0x00000000f33eae48,0x00000000f3a00000)
  from space 17920K, 84% used [0x00000000f4d00000,0x00000000f5bbc9a8,0x00000000f5e80000)
  to   space 19456K, 0% used [0x00000000f3a00000,0x00000000f3a00000,0x00000000f4d00000)
 ParOldGen       total 57856K, used 25374K [0x00000000d0000000, 0x00000000d3880000, 0x00000000f0000000)
  object space 57856K, 43% used [0x00000000d0000000,0x00000000d18c78b8,0x00000000d3880000)
 Metaspace       used 35135K, capacity 35338K, committed 35456K, reserved 1079296K
  class space    used 6157K, capacity 6248K, committed 6272K, reserved 1048576K
Event: 10.998 GC heap after
Heap after GC invocations=8 (full 1):
 PSYoungGen      total 78848K, used 19451K [0x00000000f0000000, 0x00000000f6100000, 0x0000000100000000)
  eden space 59392K, 0% used [0x00000000f0000000,0x00000000f0000000,0x00000000f3a00000)
  from space 19456K, 99% used [0x00000000f3a00000,0x00000000f4cfee80,0x00000000f4d00000)
  to   space 17920K, 0% used [0x00000000f4d00000,0x00000000f4d00000,0x00000000f5e80000)
 ParOldGen       total 57856K, used 34375K [0x00000000d0000000, 0x00000000d3880000, 0x00000000f0000000)
  object space 57856K, 59% used [0x00000000d0000000,0x00000000d2191c60,0x00000000d3880000)
 Metaspace       used 35135K, capacity 35338K, committed 35456K, reserved 1079296K
  class space    used 6157K, capacity 6248K, committed 6272K, reserved 1048576K
}
Event: 10.998 GC heap before
{Heap before GC invocations=9 (full 2):
 PSYoungGen      total 78848K, used 19451K [0x00000000f0000000, 0x00000000f6100000, 0x0000000100000000)
  eden space 59392K, 0% used [0x00000000f0000000,0x00000000f0000000,0x00000000f3a00000)
  from space 19456K, 99% used [0x00000000f3a00000,0x00000000f4cfee80,0x00000000f4d00000)
  to   space 17920K, 0% used [0x00000000f4d00000,0x00000000f4d00000,0x00000000f5e80000)
 ParOldGen       total 57856K, used 34375K [0x00000000d0000000, 0x00000000d3880000, 0x00000000f0000000)
  object space 57856K, 59% used [0x00000000d0000000,0x00000000d2191c60,0x00000000d3880000)
 Metaspace       used 35135K, capacity 35338K, committed 35456K, reserved 1079296K
  class space    used 6157K, capacity 6248K, committed 6272K, reserved 1048576K
Event: 11.263 GC heap after
Heap after GC invocations=9 (full 2):
 PSYoungGen      total 78848K, used 0K [0x00000000f0000000, 0x00000000f6100000, 0x0000000100000000)
  eden space 59392K, 0% used [0x00000000f0000000,0x00000000f0000000,0x00000000f3a00000)
  from space 19456K, 0% used [0x00000000f3a00000,0x00000000f3a00000,0x00000000f4d00000)
  to   space 17920K, 0% used [0x00000000f4d00000,0x00000000f4d00000,0x00000000f5e80000)
 ParOldGen       total 57856K, used 48401K [0x00000000d0000000, 0x00000000d3880000, 0x00000000f0000000)
  object space 57856K, 83% used [0x00000000d0000000,0x00000000d2f445f8,0x00000000d3880000)
 Metaspace       used 35135K, capacity 35338K, committed 35456K, reserved 1079296K
  class space    used 6157K, capacity 6248K, committed 6272K, reserved 1048576K
}

